Analysis & Synthesis report for my9262
Wed Dec 27 00:08:59 2017
Quartus II 64-Bit Version 13.1.0 Build 162 10/23/2013 SJ Full Version


---------------------
; Table of Contents ;
---------------------
  1. Legal Notice
  2. Analysis & Synthesis Summary
  3. Analysis & Synthesis Settings
  4. Parallel Compilation
  5. Analysis & Synthesis Source Files Read
  6. Analysis & Synthesis Resource Usage Summary
  7. Analysis & Synthesis Resource Utilization by Entity
  8. State Machine - |my9262|my9262_logic:my9262_logic_init|my9262_Fsm_Cs
  9. State Machine - |my9262|my9262_logic:my9262_logic_init|lat_Fsm_Cs
 10. State Machine - |my9262|my9262_logic:my9262_logic_init|command_Fsm_Cs
 11. State Machine - |my9262|my9262_logic:my9262_logic_init|data_Fsm_Cs
 12. User-Specified and Inferred Latches
 13. Registers Removed During Synthesis
 14. General Register Statistics
 15. Multiplexer Restructuring Statistics (Restructuring Performed)
 16. Parameter Settings for User Entity Instance: my9262_logic:my9262_logic_init
 17. Elapsed Time Per Partition
 18. Analysis & Synthesis Messages



----------------
; Legal Notice ;
----------------
Copyright (C) 1991-2013 Altera Corporation
Your use of Altera Corporation's design tools, logic functions 
and other software and tools, and its AMPP partner logic 
functions, and any output files from any of the foregoing 
(including device programming or simulation files), and any 
associated documentation or information are expressly subject 
to the terms and conditions of the Altera Program License 
Subscription Agreement, Altera MegaCore Function License 
Agreement, or other applicable license agreement, including, 
without limitation, that your use is for the sole purpose of 
programming logic devices manufactured by Altera and sold by 
Altera or its authorized distributors.  Please refer to the 
applicable agreement for further details.



+----------------------------------------------------------------------------------+
; Analysis & Synthesis Summary                                                     ;
+------------------------------------+---------------------------------------------+
; Analysis & Synthesis Status        ; Successful - Wed Dec 27 00:08:59 2017       ;
; Quartus II 64-Bit Version          ; 13.1.0 Build 162 10/23/2013 SJ Full Version ;
; Revision Name                      ; my9262                                      ;
; Top-level Entity Name              ; my9262                                      ;
; Family                             ; Cyclone IV E                                ;
; Total logic elements               ; 144                                         ;
;     Total combinational functions  ; 126                                         ;
;     Dedicated logic registers      ; 89                                          ;
; Total registers                    ; 89                                          ;
; Total pins                         ; 42                                          ;
; Total virtual pins                 ; 0                                           ;
; Total memory bits                  ; 0                                           ;
; Embedded Multiplier 9-bit elements ; 0                                           ;
; Total PLLs                         ; 0                                           ;
+------------------------------------+---------------------------------------------+


+----------------------------------------------------------------------------------------------------------------------+
; Analysis & Synthesis Settings                                                                                        ;
+----------------------------------------------------------------------------+--------------------+--------------------+
; Option                                                                     ; Setting            ; Default Value      ;
+----------------------------------------------------------------------------+--------------------+--------------------+
; Device                                                                     ; EP4CE6E22C8        ;                    ;
; Top-level entity name                                                      ; my9262             ; my9262             ;
; Family name                                                                ; Cyclone IV E       ; Cyclone IV GX      ;
; Use smart compilation                                                      ; Off                ; Off                ;
; Enable parallel Assembler and TimeQuest Timing Analyzer during compilation ; On                 ; On                 ;
; Enable compact report table                                                ; Off                ; Off                ;
; Restructure Multiplexers                                                   ; Auto               ; Auto               ;
; Create Debugging Nodes for IP Cores                                        ; Off                ; Off                ;
; Preserve fewer node names                                                  ; On                 ; On                 ;
; Disable OpenCore Plus hardware evaluation                                  ; Off                ; Off                ;
; Verilog Version                                                            ; Verilog_2001       ; Verilog_2001       ;
; VHDL Version                                                               ; VHDL_1993          ; VHDL_1993          ;
; State Machine Processing                                                   ; Auto               ; Auto               ;
; Safe State Machine                                                         ; Off                ; Off                ;
; Extract Verilog State Machines                                             ; On                 ; On                 ;
; Extract VHDL State Machines                                                ; On                 ; On                 ;
; Ignore Verilog initial constructs                                          ; Off                ; Off                ;
; Iteration limit for constant Verilog loops                                 ; 5000               ; 5000               ;
; Iteration limit for non-constant Verilog loops                             ; 250                ; 250                ;
; Add Pass-Through Logic to Inferred RAMs                                    ; On                 ; On                 ;
; Infer RAMs from Raw Logic                                                  ; On                 ; On                 ;
; Parallel Synthesis                                                         ; On                 ; On                 ;
; DSP Block Balancing                                                        ; Auto               ; Auto               ;
; NOT Gate Push-Back                                                         ; On                 ; On                 ;
; Power-Up Don't Care                                                        ; On                 ; On                 ;
; Remove Redundant Logic Cells                                               ; Off                ; Off                ;
; Remove Duplicate Registers                                                 ; On                 ; On                 ;
; Ignore CARRY Buffers                                                       ; Off                ; Off                ;
; Ignore CASCADE Buffers                                                     ; Off                ; Off                ;
; Ignore GLOBAL Buffers                                                      ; Off                ; Off                ;
; Ignore ROW GLOBAL Buffers                                                  ; Off                ; Off                ;
; Ignore LCELL Buffers                                                       ; Off                ; Off                ;
; Ignore SOFT Buffers                                                        ; On                 ; On                 ;
; Limit AHDL Integers to 32 Bits                                             ; Off                ; Off                ;
; Optimization Technique                                                     ; Balanced           ; Balanced           ;
; Carry Chain Length                                                         ; 70                 ; 70                 ;
; Auto Carry Chains                                                          ; On                 ; On                 ;
; Auto Open-Drain Pins                                                       ; On                 ; On                 ;
; Perform WYSIWYG Primitive Resynthesis                                      ; Off                ; Off                ;
; Auto ROM Replacement                                                       ; On                 ; On                 ;
; Auto RAM Replacement                                                       ; On                 ; On                 ;
; Auto DSP Block Replacement                                                 ; On                 ; On                 ;
; Auto Shift Register Replacement                                            ; Auto               ; Auto               ;
; Allow Shift Register Merging across Hierarchies                            ; Auto               ; Auto               ;
; Auto Clock Enable Replacement                                              ; On                 ; On                 ;
; Strict RAM Replacement                                                     ; Off                ; Off                ;
; Allow Synchronous Control Signals                                          ; On                 ; On                 ;
; Force Use of Synchronous Clear Signals                                     ; Off                ; Off                ;
; Auto RAM Block Balancing                                                   ; On                 ; On                 ;
; Auto RAM to Logic Cell Conversion                                          ; Off                ; Off                ;
; Auto Resource Sharing                                                      ; Off                ; Off                ;
; Allow Any RAM Size For Recognition                                         ; Off                ; Off                ;
; Allow Any ROM Size For Recognition                                         ; Off                ; Off                ;
; Allow Any Shift Register Size For Recognition                              ; Off                ; Off                ;
; Use LogicLock Constraints during Resource Balancing                        ; On                 ; On                 ;
; Ignore translate_off and synthesis_off directives                          ; Off                ; Off                ;
; Timing-Driven Synthesis                                                    ; On                 ; On                 ;
; Report Parameter Settings                                                  ; On                 ; On                 ;
; Report Source Assignments                                                  ; On                 ; On                 ;
; Report Connectivity Checks                                                 ; On                 ; On                 ;
; Ignore Maximum Fan-Out Assignments                                         ; Off                ; Off                ;
; Synchronization Register Chain Length                                      ; 2                  ; 2                  ;
; PowerPlay Power Optimization                                               ; Normal compilation ; Normal compilation ;
; HDL message level                                                          ; Level2             ; Level2             ;
; Suppress Register Optimization Related Messages                            ; Off                ; Off                ;
; Number of Removed Registers Reported in Synthesis Report                   ; 5000               ; 5000               ;
; Number of Swept Nodes Reported in Synthesis Report                         ; 5000               ; 5000               ;
; Number of Inverted Registers Reported in Synthesis Report                  ; 100                ; 100                ;
; Clock MUX Protection                                                       ; On                 ; On                 ;
; Auto Gated Clock Conversion                                                ; Off                ; Off                ;
; Block Design Naming                                                        ; Auto               ; Auto               ;
; SDC constraint protection                                                  ; Off                ; Off                ;
; Synthesis Effort                                                           ; Auto               ; Auto               ;
; Shift Register Replacement - Allow Asynchronous Clear Signal               ; On                 ; On                 ;
; Pre-Mapping Resynthesis Optimization                                       ; Off                ; Off                ;
; Analysis & Synthesis Message Level                                         ; Medium             ; Medium             ;
; Disable Register Merging Across Hierarchies                                ; Auto               ; Auto               ;
; Resource Aware Inference For Block RAM                                     ; On                 ; On                 ;
; Synthesis Seed                                                             ; 1                  ; 1                  ;
+----------------------------------------------------------------------------+--------------------+--------------------+


+------------------------------------------+
; Parallel Compilation                     ;
+----------------------------+-------------+
; Processors                 ; Number      ;
+----------------------------+-------------+
; Number detected on machine ; 4           ;
; Maximum allowed            ; 2           ;
;                            ;             ;
; Average used               ; 1.00        ;
; Maximum used               ; 1           ;
;                            ;             ;
; Usage by Processor         ; % Time Used ;
;     Processor 1            ; 100.0%      ;
;     Processors 2-4         ;   0.0%      ;
+----------------------------+-------------+


+----------------------------------------------------------------------------------------------------------------------+
; Analysis & Synthesis Source Files Read                                                                               ;
+----------------------------------+-----------------+------------------------+------------------------------+---------+
; File Name with User-Entered Path ; Used in Netlist ; File Type              ; File Name with Absolute Path ; Library ;
+----------------------------------+-----------------+------------------------+------------------------------+---------+
; my9262_register.v                ; yes             ; User Verilog HDL File  ; E:/my9262/my9262_register.v  ;         ;
; my9262_logic.v                   ; yes             ; User Verilog HDL File  ; E:/my9262/my9262_logic.v     ;         ;
; my9262.v                         ; yes             ; User Verilog HDL File  ; E:/my9262/my9262.v           ;         ;
+----------------------------------+-----------------+------------------------+------------------------------+---------+


+-----------------------------------------------------------------+
; Analysis & Synthesis Resource Usage Summary                     ;
+---------------------------------------------+-------------------+
; Resource                                    ; Usage             ;
+---------------------------------------------+-------------------+
; Estimated Total logic elements              ; 144               ;
;                                             ;                   ;
; Total combinational functions               ; 126               ;
; Logic element usage by number of LUT inputs ;                   ;
;     -- 4 input functions                    ; 51                ;
;     -- 3 input functions                    ; 22                ;
;     -- <=2 input functions                  ; 53                ;
;                                             ;                   ;
; Logic elements by mode                      ;                   ;
;     -- normal mode                          ; 100               ;
;     -- arithmetic mode                      ; 26                ;
;                                             ;                   ;
; Total registers                             ; 89                ;
;     -- Dedicated logic registers            ; 89                ;
;     -- I/O registers                        ; 0                 ;
;                                             ;                   ;
; I/O pins                                    ; 42                ;
; Embedded Multiplier 9-bit elements          ; 0                 ;
; Maximum fan-out node                        ; rsi_reset_n~input ;
; Maximum fan-out                             ; 89                ;
; Total fan-out                               ; 799               ;
; Average fan-out                             ; 2.67              ;
+---------------------------------------------+-------------------+


+---------------------------------------------------------------------------------------------------------------------------------------------------------------------------------------------------------------------+
; Analysis & Synthesis Resource Utilization by Entity                                                                                                                                                                 ;
+-------------------------------------------+-------------------+--------------+-------------+--------------+---------+-----------+------+--------------+----------------------------------------------+--------------+
; Compilation Hierarchy Node                ; LC Combinationals ; LC Registers ; Memory Bits ; DSP Elements ; DSP 9x9 ; DSP 18x18 ; Pins ; Virtual Pins ; Full Hierarchy Name                          ; Library Name ;
+-------------------------------------------+-------------------+--------------+-------------+--------------+---------+-----------+------+--------------+----------------------------------------------+--------------+
; |my9262                                   ; 126 (0)           ; 89 (0)       ; 0           ; 0            ; 0       ; 0         ; 42   ; 0            ; |my9262                                      ; work         ;
;    |my9262_logic:my9262_logic_init|       ; 124 (124)         ; 72 (72)      ; 0           ; 0            ; 0       ; 0         ; 0    ; 0            ; |my9262|my9262_logic:my9262_logic_init       ; work         ;
;    |my9262_register:my9262_register_init| ; 2 (2)             ; 17 (17)      ; 0           ; 0            ; 0       ; 0         ; 0    ; 0            ; |my9262|my9262_register:my9262_register_init ; work         ;
+-------------------------------------------+-------------------+--------------+-------------+--------------+---------+-----------+------+--------------+----------------------------------------------+--------------+
Note: For table entries with two numbers listed, the numbers in parentheses indicate the number of resources of the given type used by the specific entity alone. The numbers listed outside of parentheses indicate the total resources of the given type used by the specific entity and all of its sub-entities in the hierarchy.


Encoding Type:  One-Hot
+---------------------------------------------------------------------------------------------------------------------------------------------------------------------------------------------------------------------------------------------+
; State Machine - |my9262|my9262_logic:my9262_logic_init|my9262_Fsm_Cs                                                                                                                                                                        ;
+------------------------------------+---------------------------------+--------------------------------+-------------------------------+------------------------------------+--------------------------------+-------------------------------+
; Name                               ; my9262_Fsm_Cs.my9262_Fsm_Finish ; my9262_Fsm_Cs.my9262_Fsm_Latch ; my9262_Fsm_Cs.my9262_Fsm_Wait ; my9262_Fsm_Cs.my9262_Fsm_Send_Data ; my9262_Fsm_Cs.my9262_Fsm_Ready ; my9262_Fsm_Cs.my9262_Fsm_Idle ;
+------------------------------------+---------------------------------+--------------------------------+-------------------------------+------------------------------------+--------------------------------+-------------------------------+
; my9262_Fsm_Cs.my9262_Fsm_Idle      ; 0                               ; 0                              ; 0                             ; 0                                  ; 0                              ; 0                             ;
; my9262_Fsm_Cs.my9262_Fsm_Ready     ; 0                               ; 0                              ; 0                             ; 0                                  ; 1                              ; 1                             ;
; my9262_Fsm_Cs.my9262_Fsm_Send_Data ; 0                               ; 0                              ; 0                             ; 1                                  ; 0                              ; 1                             ;
; my9262_Fsm_Cs.my9262_Fsm_Wait      ; 0                               ; 0                              ; 1                             ; 0                                  ; 0                              ; 1                             ;
; my9262_Fsm_Cs.my9262_Fsm_Latch     ; 0                               ; 1                              ; 0                             ; 0                                  ; 0                              ; 1                             ;
; my9262_Fsm_Cs.my9262_Fsm_Finish    ; 1                               ; 0                              ; 0                             ; 0                                  ; 0                              ; 1                             ;
+------------------------------------+---------------------------------+--------------------------------+-------------------------------+------------------------------------+--------------------------------+-------------------------------+


Encoding Type:  One-Hot
+---------------------------------------------------------------------------------------------------------------------------+
; State Machine - |my9262|my9262_logic:my9262_logic_init|lat_Fsm_Cs                                                         ;
+-----------------------------------+-------------------------+-----------------------------------+-------------------------+
; Name                              ; lat_Fsm_Cs.lat_Fsm_Idle ; lat_Fsm_Cs.lat_Fsm_Overrall_Latch ; lat_Fsm_Cs.lat_Fsm_Wait ;
+-----------------------------------+-------------------------+-----------------------------------+-------------------------+
; lat_Fsm_Cs.lat_Fsm_Idle           ; 0                       ; 0                                 ; 0                       ;
; lat_Fsm_Cs.lat_Fsm_Wait           ; 1                       ; 0                                 ; 1                       ;
; lat_Fsm_Cs.lat_Fsm_Overrall_Latch ; 1                       ; 1                                 ; 0                       ;
+-----------------------------------+-------------------------+-----------------------------------+-------------------------+


Encoding Type:  One-Hot
+-------------------------------------------------------------------------------------------------------------------------------------------+
; State Machine - |my9262|my9262_logic:my9262_logic_init|command_Fsm_Cs                                                                     ;
+-----------------------------------+---------------------------------+---------------------------------+-----------------------------------+
; Name                              ; command_Fsm_Cs.command_Fsm_Idle ; command_Fsm_Cs.command_Fsm_Data ; command_Fsm_Cs.command_Fsm_Config ;
+-----------------------------------+---------------------------------+---------------------------------+-----------------------------------+
; command_Fsm_Cs.command_Fsm_Idle   ; 0                               ; 0                               ; 0                                 ;
; command_Fsm_Cs.command_Fsm_Config ; 1                               ; 0                               ; 1                                 ;
; command_Fsm_Cs.command_Fsm_Data   ; 1                               ; 1                               ; 0                                 ;
+-----------------------------------+---------------------------------+---------------------------------+-----------------------------------+


Encoding Type:  One-Hot
+-------------------------------------------------------------------------------------------------------------------+
; State Machine - |my9262|my9262_logic:my9262_logic_init|data_Fsm_Cs                                                ;
+-----------------------------+---------------------------+---------------------------+-----------------------------+
; Name                        ; data_Fsm_Cs.data_Fsm_Idle ; data_Fsm_Cs.data_Fsm_Send ; data_Fsm_Cs.data_Fsm_Config ;
+-----------------------------+---------------------------+---------------------------+-----------------------------+
; data_Fsm_Cs.data_Fsm_Idle   ; 0                         ; 0                         ; 0                           ;
; data_Fsm_Cs.data_Fsm_Config ; 1                         ; 0                         ; 1                           ;
; data_Fsm_Cs.data_Fsm_Send   ; 1                         ; 1                         ; 0                           ;
+-----------------------------+---------------------------+---------------------------+-----------------------------+


+----------------------------------------------------------------------------------------------------------------------------+
; User-Specified and Inferred Latches                                                                                        ;
+----------------------------------------------------+----------------------------------------------+------------------------+
; Latch Name                                         ; Latch Enable Signal                          ; Free of Timing Hazards ;
+----------------------------------------------------+----------------------------------------------+------------------------+
; my9262_logic:my9262_logic_init|my9262_Dclk_N       ; my9262_logic:my9262_logic_init|my9262_Dclk_N ; yes                    ;
; Number of user-specified and inferred latches = 1  ;                                              ;                        ;
+----------------------------------------------------+----------------------------------------------+------------------------+
Note: All latches listed above may not be present at the end of synthesis due to various synthesis optimizations.


+---------------------------------------------------------------------------------------------------------------------+
; Registers Removed During Synthesis                                                                                  ;
+---------------------------------------------------------+-----------------------------------------------------------+
; Register name                                           ; Reason for Removal                                        ;
+---------------------------------------------------------+-----------------------------------------------------------+
; my9262_logic:my9262_logic_init|single_Data[1..3,5..7,9] ; Stuck at GND due to stuck port data_in                    ;
; my9262_logic:my9262_logic_init|lat_1_Times[1..3]        ; Stuck at GND due to stuck port data_in                    ;
; my9262_logic:my9262_logic_init|lat_2_Times[0..3]        ; Stuck at GND due to stuck port data_in                    ;
; my9262_logic:my9262_logic_init|edge_Times[2]            ; Stuck at GND due to stuck port data_in                    ;
; my9262_logic:my9262_logic_init|lat_1_Times[4]           ; Merged with my9262_logic:my9262_logic_init|single_Data[8] ;
; my9262_logic:my9262_logic_init|lat_2_Times[4]           ; Merged with my9262_logic:my9262_logic_init|single_Data[8] ;
; my9262_logic:my9262_logic_init|lat_1_Times[0]           ; Merged with my9262_logic:my9262_logic_init|single_Data[4] ;
; my9262_logic:my9262_logic_init|edge_Times[3]            ; Merged with my9262_logic:my9262_logic_init|single_Data[4] ;
; my9262_logic:my9262_logic_init|edge_Times[1]            ; Merged with my9262_logic:my9262_logic_init|edge_Times[0]  ;
; my9262_logic:my9262_logic_init|single_Data[0]           ; Merged with my9262_logic:my9262_logic_init|edge_Times[0]  ;
; my9262_logic:my9262_logic_init|my9262_Fsm_Cs~4          ; Lost fanout                                               ;
; my9262_logic:my9262_logic_init|my9262_Fsm_Cs~5          ; Lost fanout                                               ;
; my9262_logic:my9262_logic_init|my9262_Fsm_Cs~6          ; Lost fanout                                               ;
; Total Number of Removed Registers = 24                  ;                                                           ;
+---------------------------------------------------------+-----------------------------------------------------------+


+------------------------------------------------------+
; General Register Statistics                          ;
+----------------------------------------------+-------+
; Statistic                                    ; Value ;
+----------------------------------------------+-------+
; Total registers                              ; 89    ;
; Number of registers using Synchronous Clear  ; 31    ;
; Number of registers using Synchronous Load   ; 15    ;
; Number of registers using Asynchronous Clear ; 89    ;
; Number of registers using Asynchronous Load  ; 0     ;
; Number of registers using Clock Enable       ; 57    ;
; Number of registers using Preset             ; 0     ;
+----------------------------------------------+-------+


+------------------------------------------------------------------------------------------------------------------------------------------------------------------------+
; Multiplexer Restructuring Statistics (Restructuring Performed)                                                                                                         ;
+--------------------+-----------+---------------+----------------------+------------------------+------------+----------------------------------------------------------+
; Multiplexer Inputs ; Bus Width ; Baseline Area ; Area if Restructured ; Saving if Restructured ; Registered ; Example Multiplexer Output                               ;
+--------------------+-----------+---------------+----------------------+------------------------+------------+----------------------------------------------------------+
; 3:1                ; 5 bits    ; 10 LEs        ; 5 LEs                ; 5 LEs                  ; Yes        ; |my9262|my9262_logic:my9262_logic_init|data_Times[0]     ;
; 3:1                ; 5 bits    ; 10 LEs        ; 5 LEs                ; 5 LEs                  ; Yes        ; |my9262|my9262_logic:my9262_logic_init|overrall_Latch[1] ;
; 3:1                ; 6 bits    ; 12 LEs        ; 6 LEs                ; 6 LEs                  ; Yes        ; |my9262|my9262_logic:my9262_logic_init|config_Times[5]   ;
; 3:1                ; 10 bits   ; 20 LEs        ; 10 LEs               ; 10 LEs                 ; Yes        ; |my9262|my9262_logic:my9262_logic_init|bit_Count[7]      ;
; 3:1                ; 5 bits    ; 10 LEs        ; 5 LEs                ; 5 LEs                  ; Yes        ; |my9262|my9262_logic:my9262_logic_init|time_Count[1]     ;
; 4:1                ; 15 bits   ; 30 LEs        ; 30 LEs               ; 0 LEs                  ; Yes        ; |my9262|my9262_logic:my9262_logic_init|shift_Reg[15]     ;
+--------------------+-----------+---------------+----------------------+------------------------+------------+----------------------------------------------------------+


+-----------------------------------------------------------------------------+
; Parameter Settings for User Entity Instance: my9262_logic:my9262_logic_init ;
+------------------------+-------+--------------------------------------------+
; Parameter Name         ; Value ; Type                                       ;
+------------------------+-------+--------------------------------------------+
; Period                 ; 0111  ; Unsigned Binary                            ;
; twLat                  ; 1010  ; Unsigned Binary                            ;
; tsuLat                 ; 1     ; Unsigned Binary                            ;
; thLat                  ; 100   ; Unsigned Binary                            ;
; twDck                  ; 011   ; Unsigned Binary                            ;
; twDck_Half             ; 1     ; Unsigned Binary                            ;
; twGck                  ; 011   ; Unsigned Binary                            ;
; tsuDi                  ; 1     ; Unsigned Binary                            ;
; thDi                   ; 1     ; Unsigned Binary                            ;
; thCm                   ; 011   ; Unsigned Binary                            ;
; my9262_Fsm_Idle        ; 000   ; Unsigned Binary                            ;
; my9262_Fsm_Ready       ; 001   ; Unsigned Binary                            ;
; my9262_Fsm_Send_Data   ; 010   ; Unsigned Binary                            ;
; my9262_Fsm_Wait        ; 011   ; Unsigned Binary                            ;
; my9262_Fsm_Latch       ; 100   ; Unsigned Binary                            ;
; my9262_Fsm_Finish      ; 101   ; Unsigned Binary                            ;
; command_Fsm_Idle       ; 00    ; Unsigned Binary                            ;
; command_Fsm_Config     ; 01    ; Unsigned Binary                            ;
; command_Fsm_Data       ; 10    ; Unsigned Binary                            ;
; lat_Fsm_Idle           ; 00    ; Unsigned Binary                            ;
; lat_Fsm_Wait           ; 01    ; Unsigned Binary                            ;
; lat_Fsm_Overrall_Latch ; 10    ; Unsigned Binary                            ;
; data_Fsm_Idle          ; 00    ; Unsigned Binary                            ;
; data_Fsm_Config        ; 01    ; Unsigned Binary                            ;
; data_Fsm_Send          ; 10    ; Unsigned Binary                            ;
; my9262_Number          ; 1     ; Unsigned Binary                            ;
+------------------------+-------+--------------------------------------------+
Note: In order to hide this table in the UI and the text report file, please set the "Show Parameter Settings in Synthesis Report" option in "Analysis and Synthesis Settings -> More Settings" to "Off".


+-------------------------------+
; Elapsed Time Per Partition    ;
+----------------+--------------+
; Partition Name ; Elapsed Time ;
+----------------+--------------+
; Top            ; 00:00:00     ;
+----------------+--------------+


+-------------------------------+
; Analysis & Synthesis Messages ;
+-------------------------------+
Info: *******************************************************************
Info: Running Quartus II 64-Bit Analysis & Synthesis
    Info: Version 13.1.0 Build 162 10/23/2013 SJ Full Version
    Info: Processing started: Wed Dec 27 00:08:53 2017
Info: Command: quartus_map --read_settings_files=on --write_settings_files=off my9262 -c my9262
Info (11104): Parallel Compilation has detected 4 hyper-threaded processors. However, the extra hyper-threaded processors will not be used by default. Parallel Compilation will use 2 of the 2 physical processors detected instead.
Info (12021): Found 1 design units, including 1 entities, in source file my9262_register.v
    Info (12023): Found entity 1: my9262_register
Info (12021): Found 1 design units, including 1 entities, in source file my9262_logic.v
    Info (12023): Found entity 1: my9262_logic
Info (12021): Found 1 design units, including 1 entities, in source file pll.v
    Info (12023): Found entity 1: PLL
Info (12021): Found 1 design units, including 1 entities, in source file my9262.v
    Info (12023): Found entity 1: my9262
Info (12127): Elaborating entity "my9262" for the top level hierarchy
Info (12128): Elaborating entity "my9262_logic" for hierarchy "my9262_logic:my9262_logic_init"
Warning (10240): Verilog HDL Always Construct warning at my9262_logic.v(425): inferring latch(es) for variable "my9262_Dclk_N", which holds its previous value in one or more paths through the always construct
Info (10041): Inferred latch for "my9262_Dclk_N" at my9262_logic.v(432)
Info (12128): Elaborating entity "my9262_register" for hierarchy "my9262_register:my9262_register_init"
Warning (13012): Latch my9262_logic:my9262_logic_init|my9262_Dclk_N has unsafe behavior
    Warning (13013): Ports D and ENA on the latch are fed by the same signal my9262_logic:my9262_logic_init|my9262_Dclk
Info (286030): Timing-Driven Synthesis is running
Info (17049): 3 registers lost all their fanouts during netlist optimizations.
Info (16010): Generating hard_block partition "hard_block:auto_generated_inst"
    Info (16011): Adding 0 node(s), including 0 DDIO, 0 PLL, 0 transceiver and 0 LCELL
Warning (21074): Design contains 16 input pin(s) that do not drive logic
    Warning (15610): No output dependent on input pin "avs_writedata[16]"
    Warning (15610): No output dependent on input pin "avs_writedata[17]"
    Warning (15610): No output dependent on input pin "avs_writedata[18]"
    Warning (15610): No output dependent on input pin "avs_writedata[19]"
    Warning (15610): No output dependent on input pin "avs_writedata[20]"
    Warning (15610): No output dependent on input pin "avs_writedata[21]"
    Warning (15610): No output dependent on input pin "avs_writedata[22]"
    Warning (15610): No output dependent on input pin "avs_writedata[23]"
    Warning (15610): No output dependent on input pin "avs_writedata[24]"
    Warning (15610): No output dependent on input pin "avs_writedata[25]"
    Warning (15610): No output dependent on input pin "avs_writedata[26]"
    Warning (15610): No output dependent on input pin "avs_writedata[27]"
    Warning (15610): No output dependent on input pin "avs_writedata[28]"
    Warning (15610): No output dependent on input pin "avs_writedata[29]"
    Warning (15610): No output dependent on input pin "avs_writedata[30]"
    Warning (15610): No output dependent on input pin "avs_writedata[31]"
Info (21057): Implemented 195 device resources after synthesis - the final resource count might be different
    Info (21058): Implemented 38 input pins
    Info (21059): Implemented 4 output pins
    Info (21061): Implemented 153 logic cells
Info: Quartus II 64-Bit Analysis & Synthesis was successful. 0 errors, 20 warnings
    Info: Peak virtual memory: 550 megabytes
    Info: Processing ended: Wed Dec 27 00:08:59 2017
    Info: Elapsed time: 00:00:06
    Info: Total CPU time (on all processors): 00:00:06


