Flow report for my9262
Wed Dec 27 00:09:17 2017
Quartus II 64-Bit Version 13.1.0 Build 162 10/23/2013 SJ Full Version


---------------------
; Table of Contents ;
---------------------
  1. Legal Notice
  2. Flow Summary
  3. Flow Settings
  4. Flow Non-Default Global Settings
  5. Flow Elapsed Time
  6. Flow OS Summary
  7. Flow Log
  8. Flow Messages
  9. Flow Suppressed Messages



----------------
; Legal Notice ;
----------------
Copyright (C) 1991-2013 Altera Corporation
Your use of Altera Corporation's design tools, logic functions 
and other software and tools, and its AMPP partner logic 
functions, and any output files from any of the foregoing 
(including device programming or simulation files), and any 
associated documentation or information are expressly subject 
to the terms and conditions of the Altera Program License 
Subscription Agreement, Altera MegaCore Function License 
Agreement, or other applicable license agreement, including, 
without limitation, that your use is for the sole purpose of 
programming logic devices manufactured by Altera and sold by 
Altera or its authorized distributors.  Please refer to the 
applicable agreement for further details.



+----------------------------------------------------------------------------------+
; Flow Summary                                                                     ;
+------------------------------------+---------------------------------------------+
; Flow Status                        ; Successful - Wed Dec 27 00:09:17 2017       ;
; Quartus II 64-Bit Version          ; 13.1.0 Build 162 10/23/2013 SJ Full Version ;
; Revision Name                      ; my9262                                      ;
; Top-level Entity Name              ; my9262                                      ;
; Family                             ; Cyclone IV E                                ;
; Device                             ; EP4CE6E22C8                                 ;
; Timing Models                      ; Final                                       ;
; Total logic elements               ; 147 / 6,272 ( 2 % )                         ;
;     Total combinational functions  ; 127 / 6,272 ( 2 % )                         ;
;     Dedicated logic registers      ; 89 / 6,272 ( 1 % )                          ;
; Total registers                    ; 89                                          ;
; Total pins                         ; 42 / 92 ( 46 % )                            ;
; Total virtual pins                 ; 0                                           ;
; Total memory bits                  ; 0 / 276,480 ( 0 % )                         ;
; Embedded Multiplier 9-bit elements ; 0 / 30 ( 0 % )                              ;
; Total PLLs                         ; 0 / 2 ( 0 % )                               ;
+------------------------------------+---------------------------------------------+


+-----------------------------------------+
; Flow Settings                           ;
+-------------------+---------------------+
; Option            ; Setting             ;
+-------------------+---------------------+
; Start date & time ; 12/27/2017 00:08:53 ;
; Main task         ; Compilation         ;
; Revision Name     ; my9262              ;
+-------------------+---------------------+


+------------------------------------------------------------------------------------------------------------------------------------------------------------------------------------------------+
; Flow Non-Default Global Settings                                                                                                                                                               ;
+--------------------------------------+---------------------------------------------------------------------------------------------------+---------------+-------------+-----------------------+
; Assignment Name                      ; Value                                                                                             ; Default Value ; Entity Name ; Section Id            ;
+--------------------------------------+---------------------------------------------------------------------------------------------------+---------------+-------------+-----------------------+
; COMPILER_SIGNATURE_ID                ; 53447164543758.151430453309208                                                                    ; --            ; --          ; --                    ;
; EDA_DESIGN_INSTANCE_NAME             ; NA                                                                                                ; --            ; --          ; Verilog_First_vlg_tst ;
; EDA_NATIVELINK_SIMULATION_TEST_BENCH ; Verilog_First_vlg_tst                                                                             ; --            ; --          ; eda_simulation        ;
; EDA_NETLIST_WRITER_OUTPUT_DIR        ; E:/IntegratedData/05_Supporting_source_data/03_Software_tools_code/Verilog_First/simulation/qsim/ ; --            ; --          ; eda_simulation        ;
; EDA_OUTPUT_DATA_FORMAT               ; Verilog Hdl                                                                                       ; --            ; --          ; eda_simulation        ;
; EDA_SIMULATION_TOOL                  ; ModelSim-Altera (Verilog)                                                                         ; <None>        ; --          ; --                    ;
; EDA_TEST_BENCH_ENABLE_STATUS         ; TEST_BENCH_MODE                                                                                   ; --            ; --          ; eda_simulation        ;
; EDA_TEST_BENCH_FILE                  ; simulation/modelsim/Verilog_First.vt                                                              ; --            ; --          ; Verilog_First_vlg_tst ;
; EDA_TEST_BENCH_MODULE_NAME           ; Verilog_First_vlg_tst                                                                             ; --            ; --          ; Verilog_First_vlg_tst ;
; EDA_TEST_BENCH_NAME                  ; Verilog_First_vlg_tst                                                                             ; --            ; --          ; eda_simulation        ;
; EDA_TIME_SCALE                       ; 1 ps                                                                                              ; --            ; --          ; eda_simulation        ;
; ENABLE_SIGNALTAP                     ; On                                                                                                ; --            ; --          ; --                    ;
; IP_TOOL_NAME                         ; ALTPLL                                                                                            ; --            ; --          ; --                    ;
; IP_TOOL_VERSION                      ; 13.1                                                                                              ; --            ; --          ; --                    ;
; MAX_CORE_JUNCTION_TEMP               ; 85                                                                                                ; --            ; --          ; --                    ;
; MIN_CORE_JUNCTION_TEMP               ; 0                                                                                                 ; --            ; --          ; --                    ;
; MISC_FILE                            ; PLL_inst.v                                                                                        ; --            ; --          ; --                    ;
; MISC_FILE                            ; PLL_bb.v                                                                                          ; --            ; --          ; --                    ;
; MISC_FILE                            ; PLL.ppf                                                                                           ; --            ; --          ; --                    ;
; OUTPUT_IO_TIMING_FAR_END_VMEAS       ; Half Signal Swing                                                                                 ; --            ; --          ; --                    ;
; OUTPUT_IO_TIMING_FAR_END_VMEAS       ; Half Signal Swing                                                                                 ; --            ; --          ; --                    ;
; OUTPUT_IO_TIMING_NEAR_END_VMEAS      ; Half Vccio                                                                                        ; --            ; --          ; --                    ;
; OUTPUT_IO_TIMING_NEAR_END_VMEAS      ; Half Vccio                                                                                        ; --            ; --          ; --                    ;
; PARTITION_COLOR                      ; 16764057                                                                                          ; --            ; --          ; Top                   ;
; PARTITION_FITTER_PRESERVATION_LEVEL  ; PLACEMENT_AND_ROUTING                                                                             ; --            ; --          ; Top                   ;
; PARTITION_NETLIST_TYPE               ; SOURCE                                                                                            ; --            ; --          ; Top                   ;
; POWER_BOARD_THERMAL_MODEL            ; None (CONSERVATIVE)                                                                               ; --            ; --          ; --                    ;
; POWER_PRESET_COOLING_SOLUTION        ; 23 MM HEAT SINK WITH 200 LFPM AIRFLOW                                                             ; --            ; --          ; --                    ;
; PROJECT_OUTPUT_DIRECTORY             ; output_files                                                                                      ; --            ; --          ; --                    ;
; USE_SIGNALTAP_FILE                   ; stp2.stp                                                                                          ; --            ; --          ; --                    ;
+--------------------------------------+---------------------------------------------------------------------------------------------------+---------------+-------------+-----------------------+


+-------------------------------------------------------------------------------------------------------------------------------+
; Flow Elapsed Time                                                                                                             ;
+---------------------------+--------------+-------------------------+---------------------+------------------------------------+
; Module Name               ; Elapsed Time ; Average Processors Used ; Peak Virtual Memory ; Total CPU Time (on all processors) ;
+---------------------------+--------------+-------------------------+---------------------+------------------------------------+
; Analysis & Synthesis      ; 00:00:06     ; 1.0                     ; 542 MB              ; 00:00:06                           ;
; Fitter                    ; 00:00:06     ; 1.6                     ; 1126 MB             ; 00:00:06                           ;
; Assembler                 ; 00:00:01     ; 1.0                     ; 525 MB              ; 00:00:01                           ;
; TimeQuest Timing Analyzer ; 00:00:03     ; 1.0                     ; 584 MB              ; 00:00:03                           ;
; EDA Netlist Writer        ; 00:00:01     ; 1.0                     ; 471 MB              ; 00:00:01                           ;
; Total                     ; 00:00:17     ; --                      ; --                  ; 00:00:17                           ;
+---------------------------+--------------+-------------------------+---------------------+------------------------------------+


+----------------------------------------------------------------------------------------+
; Flow OS Summary                                                                        ;
+---------------------------+------------------+-----------+------------+----------------+
; Module Name               ; Machine Hostname ; OS Name   ; OS Version ; Processor type ;
+---------------------------+------------------+-----------+------------+----------------+
; Analysis & Synthesis      ; PC-20171115KUPT  ; Windows 7 ; 6.2        ; x86_64         ;
; Fitter                    ; PC-20171115KUPT  ; Windows 7 ; 6.2        ; x86_64         ;
; Assembler                 ; PC-20171115KUPT  ; Windows 7 ; 6.2        ; x86_64         ;
; TimeQuest Timing Analyzer ; PC-20171115KUPT  ; Windows 7 ; 6.2        ; x86_64         ;
; EDA Netlist Writer        ; PC-20171115KUPT  ; Windows 7 ; 6.2        ; x86_64         ;
+---------------------------+------------------+-----------+------------+----------------+


------------
; Flow Log ;
------------
quartus_map --read_settings_files=on --write_settings_files=off my9262 -c my9262
quartus_fit --read_settings_files=off --write_settings_files=off my9262 -c my9262
quartus_asm --read_settings_files=off --write_settings_files=off my9262 -c my9262
quartus_sta my9262 -c my9262
quartus_eda --read_settings_files=off --write_settings_files=off my9262 -c my9262



