Flow report for Verilog_First
Fri Nov 17 17:48:47 2017
Quartus II 64-Bit Version 13.1.0 Build 162 10/23/2013 SJ Full Version


---------------------
; Table of Contents ;
---------------------
  1. Legal Notice
  2. Flow Summary
  3. Flow Settings
  4. Flow Non-Default Global Settings
  5. Flow Elapsed Time
  6. Flow OS Summary
  7. Flow Log
  8. Flow Messages
  9. Flow Suppressed Messages



----------------
; Legal Notice ;
----------------
Copyright (C) 1991-2013 Altera Corporation
Your use of Altera Corporation's design tools, logic functions 
and other software and tools, and its AMPP partner logic 
functions, and any output files from any of the foregoing 
(including device programming or simulation files), and any 
associated documentation or information are expressly subject 
to the terms and conditions of the Altera Program License 
Subscription Agreement, Altera MegaCore Function License 
Agreement, or other applicable license agreement, including, 
without limitation, that your use is for the sole purpose of 
programming logic devices manufactured by Altera and sold by 
Altera or its authorized distributors.  Please refer to the 
applicable agreement for further details.



+----------------------------------------------------------------------------------+
; Flow Summary                                                                     ;
+------------------------------------+---------------------------------------------+
; Flow Status                        ; Successful - Fri Nov 17 17:48:47 2017       ;
; Quartus II 64-Bit Version          ; 13.1.0 Build 162 10/23/2013 SJ Full Version ;
; Revision Name                      ; Verilog_First                               ;
; Top-level Entity Name              ; Verilog_First                               ;
; Family                             ; Cyclone IV E                                ;
; Device                             ; EP4CE6E22C8                                 ;
; Timing Models                      ; Final                                       ;
; Total logic elements               ; 1,008 / 6,272 ( 16 % )                      ;
;     Total combinational functions  ; 616 / 6,272 ( 10 % )                        ;
;     Dedicated logic registers      ; 832 / 6,272 ( 13 % )                        ;
; Total registers                    ; 832                                         ;
; Total pins                         ; 6 / 92 ( 7 % )                              ;
; Total virtual pins                 ; 0                                           ;
; Total memory bits                  ; 59,392 / 276,480 ( 21 % )                   ;
; Embedded Multiplier 9-bit elements ; 0 / 30 ( 0 % )                              ;
; Total PLLs                         ; 1 / 2 ( 50 % )                              ;
+------------------------------------+---------------------------------------------+


+-----------------------------------------+
; Flow Settings                           ;
+-------------------+---------------------+
; Option            ; Setting             ;
+-------------------+---------------------+
; Start date & time ; 11/17/2017 17:47:11 ;
; Main task         ; Compilation         ;
; Revision Name     ; Verilog_First       ;
+-------------------+---------------------+


+----------------------------------------------------------------------------------------------------------------------------------------------------------------------------------------------------------------------------------+
; Flow Non-Default Global Settings                                                                                                                                                                                                 ;
+--------------------------------------+-------------------------------------------------------------------------------------------------------------------------------------+---------------+-------------+-----------------------+
; Assignment Name                      ; Value                                                                                                                               ; Default Value ; Entity Name ; Section Id            ;
+--------------------------------------+-------------------------------------------------------------------------------------------------------------------------------------+---------------+-------------+-----------------------+
; COMPILER_SIGNATURE_ID                ; 18129496604563.151091203109548                                                                                                      ; --            ; --          ; --                    ;
; EDA_DESIGN_INSTANCE_NAME             ; NA                                                                                                                                  ; --            ; --          ; Verilog_First_vlg_tst ;
; EDA_GENERATE_FUNCTIONAL_NETLIST      ; Off                                                                                                                                 ; --            ; --          ; eda_simulation        ;
; EDA_NATIVELINK_SIMULATION_TEST_BENCH ; Verilog_First_vlg_tst                                                                                                               ; --            ; --          ; eda_simulation        ;
; EDA_NETLIST_WRITER_OUTPUT_DIR        ; E:/IntegratedData/05_Supporting_source_data/03_Software_tools_code/Verilog_First/simulation/qsim/                                   ; --            ; --          ; eda_simulation        ;
; EDA_OUTPUT_DATA_FORMAT               ; Verilog Hdl                                                                                                                         ; --            ; --          ; eda_simulation        ;
; EDA_SIMULATION_TOOL                  ; ModelSim-Altera (Verilog)                                                                                                           ; <None>        ; --          ; --                    ;
; EDA_TEST_BENCH_ENABLE_STATUS         ; TEST_BENCH_MODE                                                                                                                     ; --            ; --          ; eda_simulation        ;
; EDA_TEST_BENCH_FILE                  ; simulation/modelsim/Verilog_First.vt                                                                                                ; --            ; --          ; Verilog_First_vlg_tst ;
; EDA_TEST_BENCH_MODULE_NAME           ; Verilog_First_vlg_tst                                                                                                               ; --            ; --          ; Verilog_First_vlg_tst ;
; EDA_TEST_BENCH_NAME                  ; Verilog_First_vlg_tst                                                                                                               ; --            ; --          ; eda_simulation        ;
; EDA_TIME_SCALE                       ; 1 ps                                                                                                                                ; --            ; --          ; eda_simulation        ;
; ENABLE_SIGNALTAP                     ; On                                                                                                                                  ; --            ; --          ; --                    ;
; IP_TOOL_NAME                         ; ALTPLL                                                                                                                              ; --            ; --          ; --                    ;
; IP_TOOL_VERSION                      ; 13.1                                                                                                                                ; --            ; --          ; --                    ;
; MAX_CORE_JUNCTION_TEMP               ; 85                                                                                                                                  ; --            ; --          ; --                    ;
; MIN_CORE_JUNCTION_TEMP               ; 0                                                                                                                                   ; --            ; --          ; --                    ;
; MISC_FILE                            ; PLL_inst.v                                                                                                                          ; --            ; --          ; --                    ;
; MISC_FILE                            ; PLL_bb.v                                                                                                                            ; --            ; --          ; --                    ;
; MISC_FILE                            ; PLL.ppf                                                                                                                             ; --            ; --          ; --                    ;
; OUTPUT_IO_TIMING_FAR_END_VMEAS       ; Half Signal Swing                                                                                                                   ; --            ; --          ; --                    ;
; OUTPUT_IO_TIMING_FAR_END_VMEAS       ; Half Signal Swing                                                                                                                   ; --            ; --          ; --                    ;
; OUTPUT_IO_TIMING_NEAR_END_VMEAS      ; Half Vccio                                                                                                                          ; --            ; --          ; --                    ;
; OUTPUT_IO_TIMING_NEAR_END_VMEAS      ; Half Vccio                                                                                                                          ; --            ; --          ; --                    ;
; PARTITION_COLOR                      ; 16764057                                                                                                                            ; --            ; --          ; Top                   ;
; PARTITION_FITTER_PRESERVATION_LEVEL  ; PLACEMENT_AND_ROUTING                                                                                                               ; --            ; --          ; Top                   ;
; PARTITION_NETLIST_TYPE               ; SOURCE                                                                                                                              ; --            ; --          ; Top                   ;
; POWER_BOARD_THERMAL_MODEL            ; None (CONSERVATIVE)                                                                                                                 ; --            ; --          ; --                    ;
; POWER_PRESET_COOLING_SOLUTION        ; 23 MM HEAT SINK WITH 200 LFPM AIRFLOW                                                                                               ; --            ; --          ; --                    ;
; PROJECT_OUTPUT_DIRECTORY             ; output_files                                                                                                                        ; --            ; --          ; --                    ;
; SLD_FILE                             ; db/stp1_auto_stripped.stp                                                                                                           ; --            ; --          ; --                    ;
; SLD_NODE_CREATOR_ID                  ; 110                                                                                                                                 ; --            ; --          ; auto_signaltap_0      ;
; SLD_NODE_ENTITY_NAME                 ; sld_signaltap                                                                                                                       ; --            ; --          ; auto_signaltap_0      ;
; SLD_NODE_PARAMETER_ASSIGNMENT        ; SLD_RAM_BLOCK_TYPE=AUTO                                                                                                             ; --            ; --          ; auto_signaltap_0      ;
; SLD_NODE_PARAMETER_ASSIGNMENT        ; SLD_DATA_BITS=29                                                                                                                    ; --            ; --          ; auto_signaltap_0      ;
; SLD_NODE_PARAMETER_ASSIGNMENT        ; SLD_TRIGGER_BITS=29                                                                                                                 ; --            ; --          ; auto_signaltap_0      ;
; SLD_NODE_PARAMETER_ASSIGNMENT        ; SLD_NODE_INFO=805334528                                                                                                             ; --            ; --          ; auto_signaltap_0      ;
; SLD_NODE_PARAMETER_ASSIGNMENT        ; SLD_POWER_UP_TRIGGER=0                                                                                                              ; --            ; --          ; auto_signaltap_0      ;
; SLD_NODE_PARAMETER_ASSIGNMENT        ; SLD_INVERSION_MASK=0000000000000000000000000000000000000000000000000000000000000000000000000000000000000000000000000000000000000000 ; --            ; --          ; auto_signaltap_0      ;
; SLD_NODE_PARAMETER_ASSIGNMENT        ; SLD_INVERSION_MASK_LENGTH=112                                                                                                       ; --            ; --          ; auto_signaltap_0      ;
; SLD_NODE_PARAMETER_ASSIGNMENT        ; SLD_STORAGE_QUALIFIER_INVERSION_MASK_LENGTH=0                                                                                       ; --            ; --          ; auto_signaltap_0      ;
; SLD_NODE_PARAMETER_ASSIGNMENT        ; SLD_SEGMENT_SIZE=2048                                                                                                               ; --            ; --          ; auto_signaltap_0      ;
; SLD_NODE_PARAMETER_ASSIGNMENT        ; SLD_ATTRIBUTE_MEM_MODE=OFF                                                                                                          ; --            ; --          ; auto_signaltap_0      ;
; SLD_NODE_PARAMETER_ASSIGNMENT        ; SLD_STATE_FLOW_USE_GENERATED=0                                                                                                      ; --            ; --          ; auto_signaltap_0      ;
; SLD_NODE_PARAMETER_ASSIGNMENT        ; SLD_STATE_BITS=11                                                                                                                   ; --            ; --          ; auto_signaltap_0      ;
; SLD_NODE_PARAMETER_ASSIGNMENT        ; SLD_BUFFER_FULL_STOP=1                                                                                                              ; --            ; --          ; auto_signaltap_0      ;
; SLD_NODE_PARAMETER_ASSIGNMENT        ; SLD_CURRENT_RESOURCE_WIDTH=1                                                                                                        ; --            ; --          ; auto_signaltap_0      ;
; SLD_NODE_PARAMETER_ASSIGNMENT        ; SLD_NODE_CRC_HIWORD=50797                                                                                                           ; --            ; --          ; auto_signaltap_0      ;
; SLD_NODE_PARAMETER_ASSIGNMENT        ; SLD_TRIGGER_LEVEL=1                                                                                                                 ; --            ; --          ; auto_signaltap_0      ;
; SLD_NODE_PARAMETER_ASSIGNMENT        ; SLD_SAMPLE_DEPTH=2048                                                                                                               ; --            ; --          ; auto_signaltap_0      ;
; SLD_NODE_PARAMETER_ASSIGNMENT        ; SLD_TRIGGER_IN_ENABLED=0                                                                                                            ; --            ; --          ; auto_signaltap_0      ;
; SLD_NODE_PARAMETER_ASSIGNMENT        ; SLD_ADVANCED_TRIGGER_ENTITY=basic,1,                                                                                                ; --            ; --          ; auto_signaltap_0      ;
; SLD_NODE_PARAMETER_ASSIGNMENT        ; SLD_TRIGGER_LEVEL_PIPELINE=1                                                                                                        ; --            ; --          ; auto_signaltap_0      ;
; SLD_NODE_PARAMETER_ASSIGNMENT        ; SLD_ENABLE_ADVANCED_TRIGGER=0                                                                                                       ; --            ; --          ; auto_signaltap_0      ;
; SLD_NODE_PARAMETER_ASSIGNMENT        ; SLD_NODE_CRC_LOWORD=27498                                                                                                           ; --            ; --          ; auto_signaltap_0      ;
; USE_SIGNALTAP_FILE                   ; stp1.stp                                                                                                                            ; --            ; --          ; --                    ;
+--------------------------------------+-------------------------------------------------------------------------------------------------------------------------------------+---------------+-------------+-----------------------+


+-------------------------------------------------------------------------------------------------------------------------------+
; Flow Elapsed Time                                                                                                             ;
+---------------------------+--------------+-------------------------+---------------------+------------------------------------+
; Module Name               ; Elapsed Time ; Average Processors Used ; Peak Virtual Memory ; Total CPU Time (on all processors) ;
+---------------------------+--------------+-------------------------+---------------------+------------------------------------+
; Analysis & Synthesis      ; 00:00:15     ; 1.0                     ; 638 MB              ; 00:00:14                           ;
; Fitter                    ; 00:00:23     ; 1.2                     ; 1341 MB             ; 00:00:19                           ;
; Assembler                 ; 00:00:04     ; 1.0                     ; 516 MB              ; 00:00:03                           ;
; TimeQuest Timing Analyzer ; 00:00:08     ; 1.0                     ; 608 MB              ; 00:00:07                           ;
; EDA Netlist Writer        ; 00:00:06     ; 1.0                     ; 495 MB              ; 00:00:05                           ;
; Total                     ; 00:00:56     ; --                      ; --                  ; 00:00:48                           ;
+---------------------------+--------------+-------------------------+---------------------+------------------------------------+


+----------------------------------------------------------------------------------------+
; Flow OS Summary                                                                        ;
+---------------------------+------------------+-----------+------------+----------------+
; Module Name               ; Machine Hostname ; OS Name   ; OS Version ; Processor type ;
+---------------------------+------------------+-----------+------------+----------------+
; Analysis & Synthesis      ; DESKTOP-4KPDHKO  ; Windows 7 ; 6.2        ; x86_64         ;
; Fitter                    ; DESKTOP-4KPDHKO  ; Windows 7 ; 6.2        ; x86_64         ;
; Assembler                 ; DESKTOP-4KPDHKO  ; Windows 7 ; 6.2        ; x86_64         ;
; TimeQuest Timing Analyzer ; DESKTOP-4KPDHKO  ; Windows 7 ; 6.2        ; x86_64         ;
; EDA Netlist Writer        ; DESKTOP-4KPDHKO  ; Windows 7 ; 6.2        ; x86_64         ;
+---------------------------+------------------+-----------+------------+----------------+


------------
; Flow Log ;
------------
quartus_map --read_settings_files=on --write_settings_files=off Verilog_First -c Verilog_First
quartus_fit --read_settings_files=off --write_settings_files=off Verilog_First -c Verilog_First
quartus_asm --read_settings_files=off --write_settings_files=off Verilog_First -c Verilog_First
quartus_sta Verilog_First -c Verilog_First
quartus_eda --read_settings_files=off --write_settings_files=off Verilog_First -c Verilog_First



